mode: atomic
github.com/cypherlabdev/odds-optimizer-service/pkg/optimizer/optimizer.go:22.87,27.2 1 21
github.com/cypherlabdev/odds-optimizer-service/pkg/optimizer/optimizer.go:30.96,32.65 1 31
github.com/cypherlabdev/odds-optimizer-service/pkg/optimizer/optimizer.go:32.65,34.3 1 3
github.com/cypherlabdev/odds-optimizer-service/pkg/optimizer/optimizer.go:37.2,39.93 3 28
github.com/cypherlabdev/odds-optimizer-service/pkg/optimizer/optimizer.go:39.93,41.3 1 27
github.com/cypherlabdev/odds-optimizer-service/pkg/optimizer/optimizer.go:44.2,56.41 7 28
github.com/cypherlabdev/odds-optimizer-service/pkg/optimizer/optimizer.go:56.41,60.3 3 28
github.com/cypherlabdev/odds-optimizer-service/pkg/optimizer/optimizer.go:63.2,83.8 2 28
github.com/cypherlabdev/odds-optimizer-service/pkg/optimizer/optimizer.go:87.87,91.2 1 59
github.com/cypherlabdev/odds-optimizer-service/pkg/optimizer/optimizer.go:94.77,97.90 1 63
github.com/cypherlabdev/odds-optimizer-service/pkg/optimizer/optimizer.go:97.90,99.3 1 4
github.com/cypherlabdev/odds-optimizer-service/pkg/optimizer/optimizer.go:100.2,100.40 1 59
github.com/cypherlabdev/odds-optimizer-service/pkg/optimizer/optimizer.go:104.94,112.49 4 29
github.com/cypherlabdev/odds-optimizer-service/pkg/optimizer/optimizer.go:112.49,117.3 3 1
github.com/cypherlabdev/odds-optimizer-service/pkg/optimizer/optimizer.go:121.2,121.26 1 29
github.com/cypherlabdev/odds-optimizer-service/pkg/optimizer/optimizer.go:122.28,124.49 1 24
github.com/cypherlabdev/odds-optimizer-service/pkg/optimizer/optimizer.go:125.16,127.49 1 2
github.com/cypherlabdev/odds-optimizer-service/pkg/optimizer/optimizer.go:128.10,130.49 1 3
github.com/cypherlabdev/odds-optimizer-service/pkg/optimizer/optimizer.go:134.2,134.41 1 29
github.com/cypherlabdev/odds-optimizer-service/pkg/optimizer/optimizer.go:134.41,136.3 1 23
github.com/cypherlabdev/odds-optimizer-service/pkg/optimizer/optimizer.go:137.2,137.44 1 29
github.com/cypherlabdev/odds-optimizer-service/pkg/optimizer/optimizer.go:137.44,139.3 1 0
github.com/cypherlabdev/odds-optimizer-service/pkg/optimizer/optimizer.go:141.2,141.15 1 29
github.com/cypherlabdev/odds-optimizer-service/pkg/optimizer/optimizer.go:145.108,165.22 11 29
github.com/cypherlabdev/odds-optimizer-service/pkg/optimizer/optimizer.go:165.22,167.3 1 0
github.com/cypherlabdev/odds-optimizer-service/pkg/optimizer/optimizer.go:168.2,168.22 1 29
github.com/cypherlabdev/odds-optimizer-service/pkg/optimizer/optimizer.go:168.22,170.3 1 0
github.com/cypherlabdev/odds-optimizer-service/pkg/optimizer/optimizer.go:172.2,172.19 1 29
github.com/cypherlabdev/odds-optimizer-service/pkg/optimizer/optimizer.go:176.105,179.34 2 3
github.com/cypherlabdev/odds-optimizer-service/pkg/optimizer/optimizer.go:179.34,181.17 2 6
github.com/cypherlabdev/odds-optimizer-service/pkg/optimizer/optimizer.go:181.17,187.12 2 1
github.com/cypherlabdev/odds-optimizer-service/pkg/optimizer/optimizer.go:189.3,189.37 1 5
github.com/cypherlabdev/odds-optimizer-service/pkg/optimizer/optimizer.go:192.2,197.23 2 3
github.com/cypherlabdev/odds-optimizer-service/internal/messaging/kafka_consumer.go:36.18,52.2 2 10
github.com/cypherlabdev/odds-optimizer-service/internal/messaging/kafka_consumer.go:55.58,61.6 2 1
github.com/cypherlabdev/odds-optimizer-service/internal/messaging/kafka_consumer.go:61.6,62.10 1 1
github.com/cypherlabdev/odds-optimizer-service/internal/messaging/kafka_consumer.go:63.21,65.27 2 1
github.com/cypherlabdev/odds-optimizer-service/internal/messaging/kafka_consumer.go:67.11,70.18 2 0
github.com/cypherlabdev/odds-optimizer-service/internal/messaging/kafka_consumer.go:70.18,71.32 1 0
github.com/cypherlabdev/odds-optimizer-service/internal/messaging/kafka_consumer.go:71.32,73.6 1 0
github.com/cypherlabdev/odds-optimizer-service/internal/messaging/kafka_consumer.go:74.5,75.13 2 0
github.com/cypherlabdev/odds-optimizer-service/internal/messaging/kafka_consumer.go:79.4,79.53 1 0
github.com/cypherlabdev/odds-optimizer-service/internal/messaging/kafka_consumer.go:79.53,86.13 2 0
github.com/cypherlabdev/odds-optimizer-service/internal/messaging/kafka_consumer.go:90.4,90.60 1 0
github.com/cypherlabdev/odds-optimizer-service/internal/messaging/kafka_consumer.go:90.60,92.5 1 0
github.com/cypherlabdev/odds-optimizer-service/internal/messaging/kafka_consumer.go:98.86,101.61 2 0
github.com/cypherlabdev/odds-optimizer-service/internal/messaging/kafka_consumer.go:101.61,103.3 1 0
github.com/cypherlabdev/odds-optimizer-service/internal/messaging/kafka_consumer.go:105.2,112.35 3 0
github.com/cypherlabdev/odds-optimizer-service/internal/messaging/kafka_consumer.go:112.35,114.3 1 0
github.com/cypherlabdev/odds-optimizer-service/internal/messaging/kafka_consumer.go:117.2,118.16 2 0
github.com/cypherlabdev/odds-optimizer-service/internal/messaging/kafka_consumer.go:118.16,120.3 1 0
github.com/cypherlabdev/odds-optimizer-service/internal/messaging/kafka_consumer.go:123.2,123.61 1 0
github.com/cypherlabdev/odds-optimizer-service/internal/messaging/kafka_consumer.go:123.61,125.3 1 0
github.com/cypherlabdev/odds-optimizer-service/internal/messaging/kafka_consumer.go:127.2,133.12 2 0
github.com/cypherlabdev/odds-optimizer-service/internal/messaging/kafka_consumer.go:137.39,139.2 1 10
github.com/cypherlabdev/odds-optimizer-service/internal/cache/redis_cache.go:31.80,43.2 2 23
github.com/cypherlabdev/odds-optimizer-service/internal/cache/redis_cache.go:46.81,52.16 3 22
github.com/cypherlabdev/odds-optimizer-service/internal/cache/redis_cache.go:52.16,54.3 1 0
github.com/cypherlabdev/odds-optimizer-service/internal/cache/redis_cache.go:57.2,57.66 1 22
github.com/cypherlabdev/odds-optimizer-service/internal/cache/redis_cache.go:57.66,59.3 1 1
github.com/cypherlabdev/odds-optimizer-service/internal/cache/redis_cache.go:61.2,66.12 2 21
github.com/cypherlabdev/odds-optimizer-service/internal/cache/redis_cache.go:70.113,75.22 3 18
github.com/cypherlabdev/odds-optimizer-service/internal/cache/redis_cache.go:75.22,77.3 1 2
github.com/cypherlabdev/odds-optimizer-service/internal/cache/redis_cache.go:77.8,77.23 1 16
github.com/cypherlabdev/odds-optimizer-service/internal/cache/redis_cache.go:77.23,79.3 1 0
github.com/cypherlabdev/odds-optimizer-service/internal/cache/redis_cache.go:82.2,83.52 2 16
github.com/cypherlabdev/odds-optimizer-service/internal/cache/redis_cache.go:83.52,85.3 1 0
github.com/cypherlabdev/odds-optimizer-service/internal/cache/redis_cache.go:87.2,87.19 1 16
github.com/cypherlabdev/odds-optimizer-service/internal/cache/redis_cache.go:91.92,92.24 1 5
github.com/cypherlabdev/odds-optimizer-service/internal/cache/redis_cache.go:92.24,94.3 1 2
github.com/cypherlabdev/odds-optimizer-service/internal/cache/redis_cache.go:97.2,99.32 2 3
github.com/cypherlabdev/odds-optimizer-service/internal/cache/redis_cache.go:99.32,102.17 3 106
github.com/cypherlabdev/odds-optimizer-service/internal/cache/redis_cache.go:102.17,104.12 2 0
github.com/cypherlabdev/odds-optimizer-service/internal/cache/redis_cache.go:106.3,106.34 1 106
github.com/cypherlabdev/odds-optimizer-service/internal/cache/redis_cache.go:110.2,110.42 1 3
github.com/cypherlabdev/odds-optimizer-service/internal/cache/redis_cache.go:110.42,112.3 1 0
github.com/cypherlabdev/odds-optimizer-service/internal/cache/redis_cache.go:114.2,118.12 2 3
github.com/cypherlabdev/odds-optimizer-service/internal/cache/redis_cache.go:122.103,129.6 4 3
github.com/cypherlabdev/odds-optimizer-service/internal/cache/redis_cache.go:129.6,133.17 4 3
github.com/cypherlabdev/odds-optimizer-service/internal/cache/redis_cache.go:133.17,135.4 1 0
github.com/cypherlabdev/odds-optimizer-service/internal/cache/redis_cache.go:137.3,139.18 2 3
github.com/cypherlabdev/odds-optimizer-service/internal/cache/redis_cache.go:139.18,140.9 1 3
github.com/cypherlabdev/odds-optimizer-service/internal/cache/redis_cache.go:145.2,146.27 2 3
github.com/cypherlabdev/odds-optimizer-service/internal/cache/redis_cache.go:146.27,148.17 2 5
github.com/cypherlabdev/odds-optimizer-service/internal/cache/redis_cache.go:148.17,150.12 2 0
github.com/cypherlabdev/odds-optimizer-service/internal/cache/redis_cache.go:153.3,154.53 2 5
github.com/cypherlabdev/odds-optimizer-service/internal/cache/redis_cache.go:154.53,156.12 2 1
github.com/cypherlabdev/odds-optimizer-service/internal/cache/redis_cache.go:159.3,159.37 1 4
github.com/cypherlabdev/odds-optimizer-service/internal/cache/redis_cache.go:162.2,162.22 1 3
github.com/cypherlabdev/odds-optimizer-service/internal/cache/redis_cache.go:166.54,168.2 1 2
github.com/cypherlabdev/odds-optimizer-service/internal/cache/redis_cache.go:171.36,173.2 1 23
