mode: atomic
github.com/cypherlabdev/odds-optimizer-service/internal/messaging/kafka_consumer.go:36.18,52.2 2 12
github.com/cypherlabdev/odds-optimizer-service/internal/messaging/kafka_consumer.go:55.58,61.6 2 1
github.com/cypherlabdev/odds-optimizer-service/internal/messaging/kafka_consumer.go:61.6,62.10 1 1
github.com/cypherlabdev/odds-optimizer-service/internal/messaging/kafka_consumer.go:63.21,65.27 2 1
github.com/cypherlabdev/odds-optimizer-service/internal/messaging/kafka_consumer.go:67.11,70.18 2 0
github.com/cypherlabdev/odds-optimizer-service/internal/messaging/kafka_consumer.go:70.18,71.32 1 0
github.com/cypherlabdev/odds-optimizer-service/internal/messaging/kafka_consumer.go:71.32,73.6 1 0
github.com/cypherlabdev/odds-optimizer-service/internal/messaging/kafka_consumer.go:74.5,75.13 2 0
github.com/cypherlabdev/odds-optimizer-service/internal/messaging/kafka_consumer.go:79.4,79.53 1 0
github.com/cypherlabdev/odds-optimizer-service/internal/messaging/kafka_consumer.go:79.53,86.13 2 0
github.com/cypherlabdev/odds-optimizer-service/internal/messaging/kafka_consumer.go:90.4,90.60 1 0
github.com/cypherlabdev/odds-optimizer-service/internal/messaging/kafka_consumer.go:90.60,92.5 1 0
github.com/cypherlabdev/odds-optimizer-service/internal/messaging/kafka_consumer.go:98.86,101.61 2 0
github.com/cypherlabdev/odds-optimizer-service/internal/messaging/kafka_consumer.go:101.61,103.3 1 0
github.com/cypherlabdev/odds-optimizer-service/internal/messaging/kafka_consumer.go:105.2,112.35 3 0
github.com/cypherlabdev/odds-optimizer-service/internal/messaging/kafka_consumer.go:112.35,114.3 1 0
github.com/cypherlabdev/odds-optimizer-service/internal/messaging/kafka_consumer.go:117.2,118.16 2 0
github.com/cypherlabdev/odds-optimizer-service/internal/messaging/kafka_consumer.go:118.16,120.3 1 0
github.com/cypherlabdev/odds-optimizer-service/internal/messaging/kafka_consumer.go:123.2,123.61 1 0
github.com/cypherlabdev/odds-optimizer-service/internal/messaging/kafka_consumer.go:123.61,125.3 1 0
github.com/cypherlabdev/odds-optimizer-service/internal/messaging/kafka_consumer.go:127.2,133.12 2 0
github.com/cypherlabdev/odds-optimizer-service/internal/messaging/kafka_consumer.go:137.39,139.2 1 12
